The system is: Linux - 4.19.125-22734624 - aarch64
Compiling the C compiler identification source file "CMakeCCompilerId.c" succeeded.
Compiler: /data/user/0/ru.iiec.cxxdroid/files/bin/clang 
Build flags: -Wall;-std=c99
Id flags:  

The output was:
0


Compilation of the C compiler identification source "CMakeCCompilerId.c" produced "a.out"

The C compiler identification is Clang, found in "/storage/emulated/0/repos/CMakeFiles/3.20.3/CompilerIdC/a.out"

Compiling the CXX compiler identification source file "CMakeCXXCompilerId.cpp" succeeded.
Compiler: /data/user/0/ru.iiec.cxxdroid/files/bin/clang++ 
Build flags: -Wall;-std=c++17
Id flags:  

The output was:
0


Compilation of the CXX compiler identification source "CMakeCXXCompilerId.cpp" produced "a.out"

The CXX compiler identification is Clang, found in "/storage/emulated/0/repos/CMakeFiles/3.20.3/CompilerIdCXX/a.out"

Detecting C compiler ABI info compiled with the following output:
Change Dir: /storage/emulated/0/repos/CMakeFiles/CMakeTmp

Run Build Command(s):/data/user/0/ru.iiec.cxxdroid/files/bin/make -f Makefile cmTC_bdb68/fast && /data/user/0/ru.iiec.cxxdroid/files/bin/make  -f CMakeFiles/cmTC_bdb68.dir/build.make CMakeFiles/cmTC_bdb68.dir/build
make[1]: Entering directory '/storage/emulated/0/repos/CMakeFiles/CMakeTmp'
Building C object CMakeFiles/cmTC_bdb68.dir/CMakeCCompilerABI.c.o
/data/user/0/ru.iiec.cxxdroid/files/bin/clang   -Wall -std=c99    -v -MD -MT CMakeFiles/cmTC_bdb68.dir/CMakeCCompilerABI.c.o -MF CMakeFiles/cmTC_bdb68.dir/CMakeCCompilerABI.c.o.d -o CMakeFiles/cmTC_bdb68.dir/CMakeCCompilerABI.c.o -c /data/data/ru.iiec.cxxdroid/files/share/cmake-3.20/Modules/CMakeCCompilerABI.c
clang version 9.0.1 
Target: aarch64-unknown-linux-android21
Thread model: posix
InstalledDir: /data/user/0/ru.iiec.cxxdroid/files/bin
Found candidate GCC installation: /data/user/0/ru.iiec.cxxdroid/files/bin/../lib/gcc/aarch64-linux-android/4.9.x
Selected GCC installation: /data/user/0/ru.iiec.cxxdroid/files/bin/../lib/gcc/aarch64-linux-android/4.9.x
Candidate multilib: .;@m64
Selected multilib: .;@m64
 "/data/data/ru.iiec.cxxdroid/files/bin/clang-9" -cc1 -triple aarch64-unknown-linux-android21 -emit-obj -mrelax-all -mnoexecstack -disable-free -disable-llvm-verifier -discard-value-names -main-file-name CMakeCCompilerABI.c -mrelocation-model pic -pic-level 2 -mthread-model posix -mdisable-fp-elim -fno-strict-return -masm-verbose -mconstructor-aliases -fuse-init-array -target-cpu generic -target-feature +neon -target-abi aapcs -mllvm -aarch64-fix-cortex-a53-835769=1 -fallow-half-arguments-and-returns -dwarf-column-info -debugger-tuning=gdb -v -coverage-notes-file /storage/emulated/0/repos/CMakeFiles/CMakeTmp/CMakeFiles/cmTC_bdb68.dir/CMakeCCompilerABI.c.gcno -resource-dir /data/data/ru.iiec.cxxdroid/files/lib/clang/9.0.1 -dependency-file CMakeFiles/cmTC_bdb68.dir/CMakeCCompilerABI.c.o.d -sys-header-deps -MT CMakeFiles/cmTC_bdb68.dir/CMakeCCompilerABI.c.o -isysroot /data/user/0/ru.iiec.cxxdroid/files/sysroot -internal-isystem /data/user/0/ru.iiec.cxxdroid/files/sysroot/usr/local/include -internal-isystem /data/data/ru.iiec.cxxdroid/files/lib/clang/9.0.1/include -internal-externc-isystem /data/user/0/ru.iiec.cxxdroid/files/sysroot/usr/include/aarch64-linux-android -internal-externc-isystem /data/user/0/ru.iiec.cxxdroid/files/sysroot/include -internal-externc-isystem /data/user/0/ru.iiec.cxxdroid/files/sysroot/usr/include -Wall -std=c99 -fdebug-compilation-dir /storage/emulated/0/repos/CMakeFiles/CMakeTmp -ferror-limit 19 -fmessage-length 0 -fno-signed-char -fobjc-runtime=gcc -fdiagnostics-show-option -o CMakeFiles/cmTC_bdb68.dir/CMakeCCompilerABI.c.o -x c /data/data/ru.iiec.cxxdroid/files/share/cmake-3.20/Modules/CMakeCCompilerABI.c
clang -cc1 version 9.0.1 based upon LLVM 9.0.1 default target aarch64-linux-android21
#include "..." search starts here:
#include <...> search starts here:
 /data/user/0/ru.iiec.cxxdroid/files/sysroot/usr/local/include
 /data/data/ru.iiec.cxxdroid/files/lib/clang/9.0.1/include
 /data/user/0/ru.iiec.cxxdroid/files/sysroot/usr/include/aarch64-linux-android
 /data/user/0/ru.iiec.cxxdroid/files/sysroot/include
 /data/user/0/ru.iiec.cxxdroid/files/sysroot/usr/include
End of search list.
Linking C executable cmTC_bdb68
/data/data/ru.iiec.cxxdroid/files/bin/cmake -E cmake_link_script CMakeFiles/cmTC_bdb68.dir/link.txt --verbose=1
/data/user/0/ru.iiec.cxxdroid/files/bin/clang -Wall -std=c99  -lm -ldl -llog -lz -v CMakeFiles/cmTC_bdb68.dir/CMakeCCompilerABI.c.o -o cmTC_bdb68 
clang version 9.0.1 
Target: aarch64-unknown-linux-android21
Thread model: posix
InstalledDir: /data/user/0/ru.iiec.cxxdroid/files/bin
Found candidate GCC installation: /data/user/0/ru.iiec.cxxdroid/files/bin/../lib/gcc/aarch64-linux-android/4.9.x
Selected GCC installation: /data/user/0/ru.iiec.cxxdroid/files/bin/../lib/gcc/aarch64-linux-android/4.9.x
Candidate multilib: .;@m64
Selected multilib: .;@m64
 "/data/user/0/ru.iiec.cxxdroid/files/bin/ld" --sysroot=/data/user/0/ru.iiec.cxxdroid/files/sysroot -pie -z noexecstack -EL --fix-cortex-a53-843419 --warn-shared-textrel -z now -z relro -z max-page-size=4096 --hash-style=sysv --enable-new-dtags --eh-frame-hdr -m aarch64linux -dynamic-linker /system/bin/linker64 -o cmTC_bdb68 /data/user/0/ru.iiec.cxxdroid/files/sysroot/usr/lib/crtbegin_dynamic.o -L/data/user/0/ru.iiec.cxxdroid/files/bin/../lib/gcc/aarch64-linux-android/4.9.x -L/data/user/0/ru.iiec.cxxdroid/files/bin/../lib/gcc/aarch64-linux-android/4.9.x/../../../../aarch64-linux-android/lib -L/data/user/0/ru.iiec.cxxdroid/files/sysroot/lib -L/data/user/0/ru.iiec.cxxdroid/files/sysroot/usr/lib -lm -ldl -llog -lz CMakeFiles/cmTC_bdb68.dir/CMakeCCompilerABI.c.o -lgcc -ldl -lc -lgcc -ldl /data/user/0/ru.iiec.cxxdroid/files/sysroot/usr/lib/crtend_android.o
make[1]: Leaving directory '/storage/emulated/0/repos/CMakeFiles/CMakeTmp'



Parsed C implicit include dir info from above output: rv=done
  found start of include info
  found start of implicit include info
    add: [/data/user/0/ru.iiec.cxxdroid/files/sysroot/usr/local/include]
    add: [/data/data/ru.iiec.cxxdroid/files/lib/clang/9.0.1/include]
    add: [/data/user/0/ru.iiec.cxxdroid/files/sysroot/usr/include/aarch64-linux-android]
    add: [/data/user/0/ru.iiec.cxxdroid/files/sysroot/include]
    add: [/data/user/0/ru.iiec.cxxdroid/files/sysroot/usr/include]
  end of search list found
  collapse include dir [/data/user/0/ru.iiec.cxxdroid/files/sysroot/usr/local/include] ==> [/data/user/0/ru.iiec.cxxdroid/files/sysroot/usr/local/include]
  collapse include dir [/data/data/ru.iiec.cxxdroid/files/lib/clang/9.0.1/include] ==> [/data/data/ru.iiec.cxxdroid/files/lib/clang/9.0.1/include]
  collapse include dir [/data/user/0/ru.iiec.cxxdroid/files/sysroot/usr/include/aarch64-linux-android] ==> [/data/user/0/ru.iiec.cxxdroid/files/sysroot/usr/include/aarch64-linux-android]
  collapse include dir [/data/user/0/ru.iiec.cxxdroid/files/sysroot/include] ==> [/data/user/0/ru.iiec.cxxdroid/files/sysroot/include]
  collapse include dir [/data/user/0/ru.iiec.cxxdroid/files/sysroot/usr/include] ==> [/data/user/0/ru.iiec.cxxdroid/files/sysroot/usr/include]
  implicit include dirs: [/data/user/0/ru.iiec.cxxdroid/files/sysroot/usr/local/include;/data/data/ru.iiec.cxxdroid/files/lib/clang/9.0.1/include;/data/user/0/ru.iiec.cxxdroid/files/sysroot/usr/include/aarch64-linux-android;/data/user/0/ru.iiec.cxxdroid/files/sysroot/include;/data/user/0/ru.iiec.cxxdroid/files/sysroot/usr/include]


Parsed C implicit link information from above output:
  link line regex: [^( *|.*[/\])(ld|CMAKE_LINK_STARTFILE-NOTFOUND|([^/\]+-)?ld|collect2)[^/\]*( |$)]
  ignore line: [Change Dir: /storage/emulated/0/repos/CMakeFiles/CMakeTmp]
  ignore line: []
  ignore line: [Run Build Command(s):/data/user/0/ru.iiec.cxxdroid/files/bin/make -f Makefile cmTC_bdb68/fast && /data/user/0/ru.iiec.cxxdroid/files/bin/make  -f CMakeFiles/cmTC_bdb68.dir/build.make CMakeFiles/cmTC_bdb68.dir/build]
  ignore line: [make[1]: Entering directory '/storage/emulated/0/repos/CMakeFiles/CMakeTmp']
  ignore line: [Building C object CMakeFiles/cmTC_bdb68.dir/CMakeCCompilerABI.c.o]
  ignore line: [/data/user/0/ru.iiec.cxxdroid/files/bin/clang   -Wall -std=c99    -v -MD -MT CMakeFiles/cmTC_bdb68.dir/CMakeCCompilerABI.c.o -MF CMakeFiles/cmTC_bdb68.dir/CMakeCCompilerABI.c.o.d -o CMakeFiles/cmTC_bdb68.dir/CMakeCCompilerABI.c.o -c /data/data/ru.iiec.cxxdroid/files/share/cmake-3.20/Modules/CMakeCCompilerABI.c]
  ignore line: [clang version 9.0.1 ]
  ignore line: [Target: aarch64-unknown-linux-android21]
  ignore line: [Thread model: posix]
  ignore line: [InstalledDir: /data/user/0/ru.iiec.cxxdroid/files/bin]
  ignore line: [Found candidate GCC installation: /data/user/0/ru.iiec.cxxdroid/files/bin/../lib/gcc/aarch64-linux-android/4.9.x]
  ignore line: [Selected GCC installation: /data/user/0/ru.iiec.cxxdroid/files/bin/../lib/gcc/aarch64-linux-android/4.9.x]
  ignore line: [Candidate multilib: .]
  ignore line: [@m64]
  ignore line: [Selected multilib: .]
  ignore line: [@m64]
  ignore line: [ "/data/data/ru.iiec.cxxdroid/files/bin/clang-9" -cc1 -triple aarch64-unknown-linux-android21 -emit-obj -mrelax-all -mnoexecstack -disable-free -disable-llvm-verifier -discard-value-names -main-file-name CMakeCCompilerABI.c -mrelocation-model pic -pic-level 2 -mthread-model posix -mdisable-fp-elim -fno-strict-return -masm-verbose -mconstructor-aliases -fuse-init-array -target-cpu generic -target-feature +neon -target-abi aapcs -mllvm -aarch64-fix-cortex-a53-835769=1 -fallow-half-arguments-and-returns -dwarf-column-info -debugger-tuning=gdb -v -coverage-notes-file /storage/emulated/0/repos/CMakeFiles/CMakeTmp/CMakeFiles/cmTC_bdb68.dir/CMakeCCompilerABI.c.gcno -resource-dir /data/data/ru.iiec.cxxdroid/files/lib/clang/9.0.1 -dependency-file CMakeFiles/cmTC_bdb68.dir/CMakeCCompilerABI.c.o.d -sys-header-deps -MT CMakeFiles/cmTC_bdb68.dir/CMakeCCompilerABI.c.o -isysroot /data/user/0/ru.iiec.cxxdroid/files/sysroot -internal-isystem /data/user/0/ru.iiec.cxxdroid/files/sysroot/usr/local/include -internal-isystem /data/data/ru.iiec.cxxdroid/files/lib/clang/9.0.1/include -internal-externc-isystem /data/user/0/ru.iiec.cxxdroid/files/sysroot/usr/include/aarch64-linux-android -internal-externc-isystem /data/user/0/ru.iiec.cxxdroid/files/sysroot/include -internal-externc-isystem /data/user/0/ru.iiec.cxxdroid/files/sysroot/usr/include -Wall -std=c99 -fdebug-compilation-dir /storage/emulated/0/repos/CMakeFiles/CMakeTmp -ferror-limit 19 -fmessage-length 0 -fno-signed-char -fobjc-runtime=gcc -fdiagnostics-show-option -o CMakeFiles/cmTC_bdb68.dir/CMakeCCompilerABI.c.o -x c /data/data/ru.iiec.cxxdroid/files/share/cmake-3.20/Modules/CMakeCCompilerABI.c]
  ignore line: [clang -cc1 version 9.0.1 based upon LLVM 9.0.1 default target aarch64-linux-android21]
  ignore line: [#include "..." search starts here:]
  ignore line: [#include <...> search starts here:]
  ignore line: [ /data/user/0/ru.iiec.cxxdroid/files/sysroot/usr/local/include]
  ignore line: [ /data/data/ru.iiec.cxxdroid/files/lib/clang/9.0.1/include]
  ignore line: [ /data/user/0/ru.iiec.cxxdroid/files/sysroot/usr/include/aarch64-linux-android]
  ignore line: [ /data/user/0/ru.iiec.cxxdroid/files/sysroot/include]
  ignore line: [ /data/user/0/ru.iiec.cxxdroid/files/sysroot/usr/include]
  ignore line: [End of search list.]
  ignore line: [Linking C executable cmTC_bdb68]
  ignore line: [/data/data/ru.iiec.cxxdroid/files/bin/cmake -E cmake_link_script CMakeFiles/cmTC_bdb68.dir/link.txt --verbose=1]
  ignore line: [/data/user/0/ru.iiec.cxxdroid/files/bin/clang -Wall -std=c99  -lm -ldl -llog -lz -v CMakeFiles/cmTC_bdb68.dir/CMakeCCompilerABI.c.o -o cmTC_bdb68 ]
  ignore line: [clang version 9.0.1 ]
  ignore line: [Target: aarch64-unknown-linux-android21]
  ignore line: [Thread model: posix]
  ignore line: [InstalledDir: /data/user/0/ru.iiec.cxxdroid/files/bin]
  ignore line: [Found candidate GCC installation: /data/user/0/ru.iiec.cxxdroid/files/bin/../lib/gcc/aarch64-linux-android/4.9.x]
  ignore line: [Selected GCC installation: /data/user/0/ru.iiec.cxxdroid/files/bin/../lib/gcc/aarch64-linux-android/4.9.x]
  ignore line: [Candidate multilib: .]
  ignore line: [@m64]
  ignore line: [Selected multilib: .]
  ignore line: [@m64]
  link line: [ "/data/user/0/ru.iiec.cxxdroid/files/bin/ld" --sysroot=/data/user/0/ru.iiec.cxxdroid/files/sysroot -pie -z noexecstack -EL --fix-cortex-a53-843419 --warn-shared-textrel -z now -z relro -z max-page-size=4096 --hash-style=sysv --enable-new-dtags --eh-frame-hdr -m aarch64linux -dynamic-linker /system/bin/linker64 -o cmTC_bdb68 /data/user/0/ru.iiec.cxxdroid/files/sysroot/usr/lib/crtbegin_dynamic.o -L/data/user/0/ru.iiec.cxxdroid/files/bin/../lib/gcc/aarch64-linux-android/4.9.x -L/data/user/0/ru.iiec.cxxdroid/files/bin/../lib/gcc/aarch64-linux-android/4.9.x/../../../../aarch64-linux-android/lib -L/data/user/0/ru.iiec.cxxdroid/files/sysroot/lib -L/data/user/0/ru.iiec.cxxdroid/files/sysroot/usr/lib -lm -ldl -llog -lz CMakeFiles/cmTC_bdb68.dir/CMakeCCompilerABI.c.o -lgcc -ldl -lc -lgcc -ldl /data/user/0/ru.iiec.cxxdroid/files/sysroot/usr/lib/crtend_android.o]
    arg [/data/user/0/ru.iiec.cxxdroid/files/bin/ld] ==> ignore
    arg [--sysroot=/data/user/0/ru.iiec.cxxdroid/files/sysroot] ==> ignore
    arg [-pie] ==> ignore
    arg [-znoexecstack] ==> ignore
    arg [-EL] ==> ignore
    arg [--fix-cortex-a53-843419] ==> ignore
    arg [--warn-shared-textrel] ==> ignore
    arg [-znow] ==> ignore
    arg [-zrelro] ==> ignore
    arg [-zmax-page-size=4096] ==> ignore
    arg [--hash-style=sysv] ==> ignore
    arg [--enable-new-dtags] ==> ignore
    arg [--eh-frame-hdr] ==> ignore
    arg [-m] ==> ignore
    arg [aarch64linux] ==> ignore
    arg [-dynamic-linker] ==> ignore
    arg [/system/bin/linker64] ==> ignore
    arg [-o] ==> ignore
    arg [cmTC_bdb68] ==> ignore
    arg [/data/user/0/ru.iiec.cxxdroid/files/sysroot/usr/lib/crtbegin_dynamic.o] ==> obj [/data/user/0/ru.iiec.cxxdroid/files/sysroot/usr/lib/crtbegin_dynamic.o]
    arg [-L/data/user/0/ru.iiec.cxxdroid/files/bin/../lib/gcc/aarch64-linux-android/4.9.x] ==> dir [/data/user/0/ru.iiec.cxxdroid/files/bin/../lib/gcc/aarch64-linux-android/4.9.x]
    arg [-L/data/user/0/ru.iiec.cxxdroid/files/bin/../lib/gcc/aarch64-linux-android/4.9.x/../../../../aarch64-linux-android/lib] ==> dir [/data/user/0/ru.iiec.cxxdroid/files/bin/../lib/gcc/aarch64-linux-android/4.9.x/../../../../aarch64-linux-android/lib]
    arg [-L/data/user/0/ru.iiec.cxxdroid/files/sysroot/lib] ==> dir [/data/user/0/ru.iiec.cxxdroid/files/sysroot/lib]
    arg [-L/data/user/0/ru.iiec.cxxdroid/files/sysroot/usr/lib] ==> dir [/data/user/0/ru.iiec.cxxdroid/files/sysroot/usr/lib]
    arg [-lm] ==> lib [m]
    arg [-ldl] ==> lib [dl]
    arg [-llog] ==> lib [log]
    arg [-lz] ==> lib [z]
    arg [CMakeFiles/cmTC_bdb68.dir/CMakeCCompilerABI.c.o] ==> ignore
    arg [-lgcc] ==> lib [gcc]
    arg [-ldl] ==> lib [dl]
    arg [-lc] ==> lib [c]
    arg [-lgcc] ==> lib [gcc]
    arg [-ldl] ==> lib [dl]
    arg [/data/user/0/ru.iiec.cxxdroid/files/sysroot/usr/lib/crtend_android.o] ==> obj [/data/user/0/ru.iiec.cxxdroid/files/sysroot/usr/lib/crtend_android.o]
  collapse library dir [/data/user/0/ru.iiec.cxxdroid/files/bin/../lib/gcc/aarch64-linux-android/4.9.x] ==> [/data/user/0/ru.iiec.cxxdroid/files/lib/gcc/aarch64-linux-android/4.9.x]
  collapse library dir [/data/user/0/ru.iiec.cxxdroid/files/bin/../lib/gcc/aarch64-linux-android/4.9.x/../../../../aarch64-linux-android/lib] ==> [/data/user/0/ru.iiec.cxxdroid/files/aarch64-linux-android/lib]
  collapse library dir [/data/user/0/ru.iiec.cxxdroid/files/sysroot/lib] ==> [/data/user/0/ru.iiec.cxxdroid/files/sysroot/lib]
  collapse library dir [/data/user/0/ru.iiec.cxxdroid/files/sysroot/usr/lib] ==> [/data/user/0/ru.iiec.cxxdroid/files/sysroot/usr/lib]
  implicit libs: [m;dl;log;z;gcc;dl;c;gcc;dl]
  implicit objs: [/data/user/0/ru.iiec.cxxdroid/files/sysroot/usr/lib/crtbegin_dynamic.o;/data/user/0/ru.iiec.cxxdroid/files/sysroot/usr/lib/crtend_android.o]
  implicit dirs: [/data/user/0/ru.iiec.cxxdroid/files/lib/gcc/aarch64-linux-android/4.9.x;/data/user/0/ru.iiec.cxxdroid/files/aarch64-linux-android/lib;/data/user/0/ru.iiec.cxxdroid/files/sysroot/lib;/data/user/0/ru.iiec.cxxdroid/files/sysroot/usr/lib]
  implicit fwks: []


Detecting CXX compiler ABI info compiled with the following output:
Change Dir: /storage/emulated/0/repos/CMakeFiles/CMakeTmp

Run Build Command(s):/data/user/0/ru.iiec.cxxdroid/files/bin/make -f Makefile cmTC_5e67b/fast && /data/user/0/ru.iiec.cxxdroid/files/bin/make  -f CMakeFiles/cmTC_5e67b.dir/build.make CMakeFiles/cmTC_5e67b.dir/build
make[1]: Entering directory '/storage/emulated/0/repos/CMakeFiles/CMakeTmp'
Building CXX object CMakeFiles/cmTC_5e67b.dir/CMakeCXXCompilerABI.cpp.o
/data/user/0/ru.iiec.cxxdroid/files/bin/clang++   -Wall -std=c++17    -v -MD -MT CMakeFiles/cmTC_5e67b.dir/CMakeCXXCompilerABI.cpp.o -MF CMakeFiles/cmTC_5e67b.dir/CMakeCXXCompilerABI.cpp.o.d -o CMakeFiles/cmTC_5e67b.dir/CMakeCXXCompilerABI.cpp.o -c /data/data/ru.iiec.cxxdroid/files/share/cmake-3.20/Modules/CMakeCXXCompilerABI.cpp
clang version 9.0.1 
Target: aarch64-unknown-linux-android21
Thread model: posix
InstalledDir: /data/user/0/ru.iiec.cxxdroid/files/bin
Found candidate GCC installation: /data/user/0/ru.iiec.cxxdroid/files/bin/../lib/gcc/aarch64-linux-android/4.9.x
Selected GCC installation: /data/user/0/ru.iiec.cxxdroid/files/bin/../lib/gcc/aarch64-linux-android/4.9.x
Candidate multilib: .;@m64
Selected multilib: .;@m64
 "/data/data/ru.iiec.cxxdroid/files/bin/clang-9" -cc1 -triple aarch64-unknown-linux-android21 -emit-obj -mrelax-all -mnoexecstack -disable-free -disable-llvm-verifier -discard-value-names -main-file-name CMakeCXXCompilerABI.cpp -mrelocation-model pic -pic-level 2 -mthread-model posix -mdisable-fp-elim -fno-strict-return -masm-verbose -mconstructor-aliases -fuse-init-array -target-cpu generic -target-feature +neon -target-abi aapcs -mllvm -aarch64-fix-cortex-a53-835769=1 -fallow-half-arguments-and-returns -dwarf-column-info -debugger-tuning=gdb -v -coverage-notes-file /storage/emulated/0/repos/CMakeFiles/CMakeTmp/CMakeFiles/cmTC_5e67b.dir/CMakeCXXCompilerABI.cpp.gcno -resource-dir /data/data/ru.iiec.cxxdroid/files/lib/clang/9.0.1 -dependency-file CMakeFiles/cmTC_5e67b.dir/CMakeCXXCompilerABI.cpp.o.d -sys-header-deps -MT CMakeFiles/cmTC_5e67b.dir/CMakeCXXCompilerABI.cpp.o -isysroot /data/user/0/ru.iiec.cxxdroid/files/sysroot -internal-isystem /data/user/0/ru.iiec.cxxdroid/files/bin/../lib/gcc/aarch64-linux-android/4.9.x/../../../../include/c++/4.9.x -internal-isystem /data/user/0/ru.iiec.cxxdroid/files/bin/../lib/gcc/aarch64-linux-android/4.9.x/../../../../include/aarch64-linux-android/c++/4.9.x -internal-isystem /data/user/0/ru.iiec.cxxdroid/files/bin/../lib/gcc/aarch64-linux-android/4.9.x/../../../../include/aarch64-linux-android/c++/4.9.x -internal-isystem /data/user/0/ru.iiec.cxxdroid/files/bin/../lib/gcc/aarch64-linux-android/4.9.x/../../../../include/c++/4.9.x/backward -internal-isystem /data/user/0/ru.iiec.cxxdroid/files/sysroot/usr/local/include -internal-isystem /data/data/ru.iiec.cxxdroid/files/lib/clang/9.0.1/include -internal-externc-isystem /data/user/0/ru.iiec.cxxdroid/files/sysroot/usr/include/aarch64-linux-android -internal-externc-isystem /data/user/0/ru.iiec.cxxdroid/files/sysroot/include -internal-externc-isystem /data/user/0/ru.iiec.cxxdroid/files/sysroot/usr/include -Wall -std=c++17 -fdeprecated-macro -fdebug-compilation-dir /storage/emulated/0/repos/CMakeFiles/CMakeTmp -ferror-limit 19 -fmessage-length 0 -fno-signed-char -fobjc-runtime=gcc -fcxx-exceptions -fexceptions -fdiagnostics-show-option -o CMakeFiles/cmTC_5e67b.dir/CMakeCXXCompilerABI.cpp.o -x c++ /data/data/ru.iiec.cxxdroid/files/share/cmake-3.20/Modules/CMakeCXXCompilerABI.cpp
clang -cc1 version 9.0.1 based upon LLVM 9.0.1 default target aarch64-linux-android21
ignoring nonexistent directory "/data/user/0/ru.iiec.cxxdroid/files/bin/../lib/gcc/aarch64-linux-android/4.9.x/../../../../include/aarch64-linux-android/c++/4.9.x"
ignoring nonexistent directory "/data/user/0/ru.iiec.cxxdroid/files/bin/../lib/gcc/aarch64-linux-android/4.9.x/../../../../include/aarch64-linux-android/c++/4.9.x"
ignoring nonexistent directory "/data/user/0/ru.iiec.cxxdroid/files/bin/../lib/gcc/aarch64-linux-android/4.9.x/../../../../include/c++/4.9.x/backward"
#include "..." search starts here:
#include <...> search starts here:
 /data/user/0/ru.iiec.cxxdroid/files/bin/../lib/gcc/aarch64-linux-android/4.9.x/../../../../include/c++/4.9.x
 /data/user/0/ru.iiec.cxxdroid/files/sysroot/usr/local/include
 /data/data/ru.iiec.cxxdroid/files/lib/clang/9.0.1/include
 /data/user/0/ru.iiec.cxxdroid/files/sysroot/usr/include/aarch64-linux-android
 /data/user/0/ru.iiec.cxxdroid/files/sysroot/include
 /data/user/0/ru.iiec.cxxdroid/files/sysroot/usr/include
End of search list.
Linking CXX executable cmTC_5e67b
/data/data/ru.iiec.cxxdroid/files/bin/cmake -E cmake_link_script CMakeFiles/cmTC_5e67b.dir/link.txt --verbose=1
/data/user/0/ru.iiec.cxxdroid/files/bin/clang++ -Wall -std=c++17  -lm -ldl -llog -lz -v CMakeFiles/cmTC_5e67b.dir/CMakeCXXCompilerABI.cpp.o -o cmTC_5e67b 
clang version 9.0.1 
Target: aarch64-unknown-linux-android21
Thread model: posix
InstalledDir: /data/user/0/ru.iiec.cxxdroid/files/bin
Found candidate GCC installation: /data/user/0/ru.iiec.cxxdroid/files/bin/../lib/gcc/aarch64-linux-android/4.9.x
Selected GCC installation: /data/user/0/ru.iiec.cxxdroid/files/bin/../lib/gcc/aarch64-linux-android/4.9.x
Candidate multilib: .;@m64
Selected multilib: .;@m64
 "/data/user/0/ru.iiec.cxxdroid/files/bin/ld" --sysroot=/data/user/0/ru.iiec.cxxdroid/files/sysroot -pie -z noexecstack -EL --fix-cortex-a53-843419 --warn-shared-textrel -z now -z relro -z max-page-size=4096 --hash-style=sysv --enable-new-dtags --eh-frame-hdr -m aarch64linux -dynamic-linker /system/bin/linker64 -o cmTC_5e67b /data/user/0/ru.iiec.cxxdroid/files/sysroot/usr/lib/crtbegin_dynamic.o -L/data/user/0/ru.iiec.cxxdroid/files/bin/../lib/gcc/aarch64-linux-android/4.9.x -L/data/user/0/ru.iiec.cxxdroid/files/bin/../lib/gcc/aarch64-linux-android/4.9.x/../../../../aarch64-linux-android/lib -L/data/user/0/ru.iiec.cxxdroid/files/sysroot/lib -L/data/user/0/ru.iiec.cxxdroid/files/sysroot/usr/lib -lm -ldl -llog -lz CMakeFiles/cmTC_5e67b.dir/CMakeCXXCompilerABI.cpp.o -lstdc++ -lm -lgcc -ldl -lc -lgcc -ldl /data/user/0/ru.iiec.cxxdroid/files/sysroot/usr/lib/crtend_android.o
make[1]: Leaving directory '/storage/emulated/0/repos/CMakeFiles/CMakeTmp'



Parsed CXX implicit include dir info from above output: rv=done
  found start of include info
  found start of implicit include info
    add: [/data/user/0/ru.iiec.cxxdroid/files/bin/../lib/gcc/aarch64-linux-android/4.9.x/../../../../include/c++/4.9.x]
    add: [/data/user/0/ru.iiec.cxxdroid/files/sysroot/usr/local/include]
    add: [/data/data/ru.iiec.cxxdroid/files/lib/clang/9.0.1/include]
    add: [/data/user/0/ru.iiec.cxxdroid/files/sysroot/usr/include/aarch64-linux-android]
    add: [/data/user/0/ru.iiec.cxxdroid/files/sysroot/include]
    add: [/data/user/0/ru.iiec.cxxdroid/files/sysroot/usr/include]
  end of search list found
  collapse include dir [/data/user/0/ru.iiec.cxxdroid/files/bin/../lib/gcc/aarch64-linux-android/4.9.x/../../../../include/c++/4.9.x] ==> [/data/user/0/ru.iiec.cxxdroid/files/include/c++/4.9.x]
  collapse include dir [/data/user/0/ru.iiec.cxxdroid/files/sysroot/usr/local/include] ==> [/data/user/0/ru.iiec.cxxdroid/files/sysroot/usr/local/include]
  collapse include dir [/data/data/ru.iiec.cxxdroid/files/lib/clang/9.0.1/include] ==> [/data/data/ru.iiec.cxxdroid/files/lib/clang/9.0.1/include]
  collapse include dir [/data/user/0/ru.iiec.cxxdroid/files/sysroot/usr/include/aarch64-linux-android] ==> [/data/user/0/ru.iiec.cxxdroid/files/sysroot/usr/include/aarch64-linux-android]
  collapse include dir [/data/user/0/ru.iiec.cxxdroid/files/sysroot/include] ==> [/data/user/0/ru.iiec.cxxdroid/files/sysroot/include]
  collapse include dir [/data/user/0/ru.iiec.cxxdroid/files/sysroot/usr/include] ==> [/data/user/0/ru.iiec.cxxdroid/files/sysroot/usr/include]
  implicit include dirs: [/data/user/0/ru.iiec.cxxdroid/files/include/c++/4.9.x;/data/user/0/ru.iiec.cxxdroid/files/sysroot/usr/local/include;/data/data/ru.iiec.cxxdroid/files/lib/clang/9.0.1/include;/data/user/0/ru.iiec.cxxdroid/files/sysroot/usr/include/aarch64-linux-android;/data/user/0/ru.iiec.cxxdroid/files/sysroot/include;/data/user/0/ru.iiec.cxxdroid/files/sysroot/usr/include]


Parsed CXX implicit link information from above output:
  link line regex: [^( *|.*[/\])(ld|CMAKE_LINK_STARTFILE-NOTFOUND|([^/\]+-)?ld|collect2)[^/\]*( |$)]
  ignore line: [Change Dir: /storage/emulated/0/repos/CMakeFiles/CMakeTmp]
  ignore line: []
  ignore line: [Run Build Command(s):/data/user/0/ru.iiec.cxxdroid/files/bin/make -f Makefile cmTC_5e67b/fast && /data/user/0/ru.iiec.cxxdroid/files/bin/make  -f CMakeFiles/cmTC_5e67b.dir/build.make CMakeFiles/cmTC_5e67b.dir/build]
  ignore line: [make[1]: Entering directory '/storage/emulated/0/repos/CMakeFiles/CMakeTmp']
  ignore line: [Building CXX object CMakeFiles/cmTC_5e67b.dir/CMakeCXXCompilerABI.cpp.o]
  ignore line: [/data/user/0/ru.iiec.cxxdroid/files/bin/clang++   -Wall -std=c++17    -v -MD -MT CMakeFiles/cmTC_5e67b.dir/CMakeCXXCompilerABI.cpp.o -MF CMakeFiles/cmTC_5e67b.dir/CMakeCXXCompilerABI.cpp.o.d -o CMakeFiles/cmTC_5e67b.dir/CMakeCXXCompilerABI.cpp.o -c /data/data/ru.iiec.cxxdroid/files/share/cmake-3.20/Modules/CMakeCXXCompilerABI.cpp]
  ignore line: [clang version 9.0.1 ]
  ignore line: [Target: aarch64-unknown-linux-android21]
  ignore line: [Thread model: posix]
  ignore line: [InstalledDir: /data/user/0/ru.iiec.cxxdroid/files/bin]
  ignore line: [Found candidate GCC installation: /data/user/0/ru.iiec.cxxdroid/files/bin/../lib/gcc/aarch64-linux-android/4.9.x]
  ignore line: [Selected GCC installation: /data/user/0/ru.iiec.cxxdroid/files/bin/../lib/gcc/aarch64-linux-android/4.9.x]
  ignore line: [Candidate multilib: .]
  ignore line: [@m64]
  ignore line: [Selected multilib: .]
  ignore line: [@m64]
  ignore line: [ "/data/data/ru.iiec.cxxdroid/files/bin/clang-9" -cc1 -triple aarch64-unknown-linux-android21 -emit-obj -mrelax-all -mnoexecstack -disable-free -disable-llvm-verifier -discard-value-names -main-file-name CMakeCXXCompilerABI.cpp -mrelocation-model pic -pic-level 2 -mthread-model posix -mdisable-fp-elim -fno-strict-return -masm-verbose -mconstructor-aliases -fuse-init-array -target-cpu generic -target-feature +neon -target-abi aapcs -mllvm -aarch64-fix-cortex-a53-835769=1 -fallow-half-arguments-and-returns -dwarf-column-info -debugger-tuning=gdb -v -coverage-notes-file /storage/emulated/0/repos/CMakeFiles/CMakeTmp/CMakeFiles/cmTC_5e67b.dir/CMakeCXXCompilerABI.cpp.gcno -resource-dir /data/data/ru.iiec.cxxdroid/files/lib/clang/9.0.1 -dependency-file CMakeFiles/cmTC_5e67b.dir/CMakeCXXCompilerABI.cpp.o.d -sys-header-deps -MT CMakeFiles/cmTC_5e67b.dir/CMakeCXXCompilerABI.cpp.o -isysroot /data/user/0/ru.iiec.cxxdroid/files/sysroot -internal-isystem /data/user/0/ru.iiec.cxxdroid/files/bin/../lib/gcc/aarch64-linux-android/4.9.x/../../../../include/c++/4.9.x -internal-isystem /data/user/0/ru.iiec.cxxdroid/files/bin/../lib/gcc/aarch64-linux-android/4.9.x/../../../../include/aarch64-linux-android/c++/4.9.x -internal-isystem /data/user/0/ru.iiec.cxxdroid/files/bin/../lib/gcc/aarch64-linux-android/4.9.x/../../../../include/aarch64-linux-android/c++/4.9.x -internal-isystem /data/user/0/ru.iiec.cxxdroid/files/bin/../lib/gcc/aarch64-linux-android/4.9.x/../../../../include/c++/4.9.x/backward -internal-isystem /data/user/0/ru.iiec.cxxdroid/files/sysroot/usr/local/include -internal-isystem /data/data/ru.iiec.cxxdroid/files/lib/clang/9.0.1/include -internal-externc-isystem /data/user/0/ru.iiec.cxxdroid/files/sysroot/usr/include/aarch64-linux-android -internal-externc-isystem /data/user/0/ru.iiec.cxxdroid/files/sysroot/include -internal-externc-isystem /data/user/0/ru.iiec.cxxdroid/files/sysroot/usr/include -Wall -std=c++17 -fdeprecated-macro -fdebug-compilation-dir /storage/emulated/0/repos/CMakeFiles/CMakeTmp -ferror-limit 19 -fmessage-length 0 -fno-signed-char -fobjc-runtime=gcc -fcxx-exceptions -fexceptions -fdiagnostics-show-option -o CMakeFiles/cmTC_5e67b.dir/CMakeCXXCompilerABI.cpp.o -x c++ /data/data/ru.iiec.cxxdroid/files/share/cmake-3.20/Modules/CMakeCXXCompilerABI.cpp]
  ignore line: [clang -cc1 version 9.0.1 based upon LLVM 9.0.1 default target aarch64-linux-android21]
  ignore line: [ignoring nonexistent directory "/data/user/0/ru.iiec.cxxdroid/files/bin/../lib/gcc/aarch64-linux-android/4.9.x/../../../../include/aarch64-linux-android/c++/4.9.x"]
  ignore line: [ignoring nonexistent directory "/data/user/0/ru.iiec.cxxdroid/files/bin/../lib/gcc/aarch64-linux-android/4.9.x/../../../../include/aarch64-linux-android/c++/4.9.x"]
  ignore line: [ignoring nonexistent directory "/data/user/0/ru.iiec.cxxdroid/files/bin/../lib/gcc/aarch64-linux-android/4.9.x/../../../../include/c++/4.9.x/backward"]
  ignore line: [#include "..." search starts here:]
  ignore line: [#include <...> search starts here:]
  ignore line: [ /data/user/0/ru.iiec.cxxdroid/files/bin/../lib/gcc/aarch64-linux-android/4.9.x/../../../../include/c++/4.9.x]
  ignore line: [ /data/user/0/ru.iiec.cxxdroid/files/sysroot/usr/local/include]
  ignore line: [ /data/data/ru.iiec.cxxdroid/files/lib/clang/9.0.1/include]
  ignore line: [ /data/user/0/ru.iiec.cxxdroid/files/sysroot/usr/include/aarch64-linux-android]
  ignore line: [ /data/user/0/ru.iiec.cxxdroid/files/sysroot/include]
  ignore line: [ /data/user/0/ru.iiec.cxxdroid/files/sysroot/usr/include]
  ignore line: [End of search list.]
  ignore line: [Linking CXX executable cmTC_5e67b]
  ignore line: [/data/data/ru.iiec.cxxdroid/files/bin/cmake -E cmake_link_script CMakeFiles/cmTC_5e67b.dir/link.txt --verbose=1]
  ignore line: [/data/user/0/ru.iiec.cxxdroid/files/bin/clang++ -Wall -std=c++17  -lm -ldl -llog -lz -v CMakeFiles/cmTC_5e67b.dir/CMakeCXXCompilerABI.cpp.o -o cmTC_5e67b ]
  ignore line: [clang version 9.0.1 ]
  ignore line: [Target: aarch64-unknown-linux-android21]
  ignore line: [Thread model: posix]
  ignore line: [InstalledDir: /data/user/0/ru.iiec.cxxdroid/files/bin]
  ignore line: [Found candidate GCC installation: /data/user/0/ru.iiec.cxxdroid/files/bin/../lib/gcc/aarch64-linux-android/4.9.x]
  ignore line: [Selected GCC installation: /data/user/0/ru.iiec.cxxdroid/files/bin/../lib/gcc/aarch64-linux-android/4.9.x]
  ignore line: [Candidate multilib: .]
  ignore line: [@m64]
  ignore line: [Selected multilib: .]
  ignore line: [@m64]
  link line: [ "/data/user/0/ru.iiec.cxxdroid/files/bin/ld" --sysroot=/data/user/0/ru.iiec.cxxdroid/files/sysroot -pie -z noexecstack -EL --fix-cortex-a53-843419 --warn-shared-textrel -z now -z relro -z max-page-size=4096 --hash-style=sysv --enable-new-dtags --eh-frame-hdr -m aarch64linux -dynamic-linker /system/bin/linker64 -o cmTC_5e67b /data/user/0/ru.iiec.cxxdroid/files/sysroot/usr/lib/crtbegin_dynamic.o -L/data/user/0/ru.iiec.cxxdroid/files/bin/../lib/gcc/aarch64-linux-android/4.9.x -L/data/user/0/ru.iiec.cxxdroid/files/bin/../lib/gcc/aarch64-linux-android/4.9.x/../../../../aarch64-linux-android/lib -L/data/user/0/ru.iiec.cxxdroid/files/sysroot/lib -L/data/user/0/ru.iiec.cxxdroid/files/sysroot/usr/lib -lm -ldl -llog -lz CMakeFiles/cmTC_5e67b.dir/CMakeCXXCompilerABI.cpp.o -lstdc++ -lm -lgcc -ldl -lc -lgcc -ldl /data/user/0/ru.iiec.cxxdroid/files/sysroot/usr/lib/crtend_android.o]
    arg [/data/user/0/ru.iiec.cxxdroid/files/bin/ld] ==> ignore
    arg [--sysroot=/data/user/0/ru.iiec.cxxdroid/files/sysroot] ==> ignore
    arg [-pie] ==> ignore
    arg [-znoexecstack] ==> ignore
    arg [-EL] ==> ignore
    arg [--fix-cortex-a53-843419] ==> ignore
    arg [--warn-shared-textrel] ==> ignore
    arg [-znow] ==> ignore
    arg [-zrelro] ==> ignore
    arg [-zmax-page-size=4096] ==> ignore
    arg [--hash-style=sysv] ==> ignore
    arg [--enable-new-dtags] ==> ignore
    arg [--eh-frame-hdr] ==> ignore
    arg [-m] ==> ignore
    arg [aarch64linux] ==> ignore
    arg [-dynamic-linker] ==> ignore
    arg [/system/bin/linker64] ==> ignore
    arg [-o] ==> ignore
    arg [cmTC_5e67b] ==> ignore
    arg [/data/user/0/ru.iiec.cxxdroid/files/sysroot/usr/lib/crtbegin_dynamic.o] ==> obj [/data/user/0/ru.iiec.cxxdroid/files/sysroot/usr/lib/crtbegin_dynamic.o]
    arg [-L/data/user/0/ru.iiec.cxxdroid/files/bin/../lib/gcc/aarch64-linux-android/4.9.x] ==> dir [/data/user/0/ru.iiec.cxxdroid/files/bin/../lib/gcc/aarch64-linux-android/4.9.x]
    arg [-L/data/user/0/ru.iiec.cxxdroid/files/bin/../lib/gcc/aarch64-linux-android/4.9.x/../../../../aarch64-linux-android/lib] ==> dir [/data/user/0/ru.iiec.cxxdroid/files/bin/../lib/gcc/aarch64-linux-android/4.9.x/../../../../aarch64-linux-android/lib]
    arg [-L/data/user/0/ru.iiec.cxxdroid/files/sysroot/lib] ==> dir [/data/user/0/ru.iiec.cxxdroid/files/sysroot/lib]
    arg [-L/data/user/0/ru.iiec.cxxdroid/files/sysroot/usr/lib] ==> dir [/data/user/0/ru.iiec.cxxdroid/files/sysroot/usr/lib]
    arg [-lm] ==> lib [m]
    arg [-ldl] ==> lib [dl]
    arg [-llog] ==> lib [log]
    arg [-lz] ==> lib [z]
    arg [CMakeFiles/cmTC_5e67b.dir/CMakeCXXCompilerABI.cpp.o] ==> ignore
    arg [-lstdc++] ==> lib [stdc++]
    arg [-lm] ==> lib [m]
    arg [-lgcc] ==> lib [gcc]
    arg [-ldl] ==> lib [dl]
    arg [-lc] ==> lib [c]
    arg [-lgcc] ==> lib [gcc]
    arg [-ldl] ==> lib [dl]
    arg [/data/user/0/ru.iiec.cxxdroid/files/sysroot/usr/lib/crtend_android.o] ==> obj [/data/user/0/ru.iiec.cxxdroid/files/sysroot/usr/lib/crtend_android.o]
  collapse library dir [/data/user/0/ru.iiec.cxxdroid/files/bin/../lib/gcc/aarch64-linux-android/4.9.x] ==> [/data/user/0/ru.iiec.cxxdroid/files/lib/gcc/aarch64-linux-android/4.9.x]
  collapse library dir [/data/user/0/ru.iiec.cxxdroid/files/bin/../lib/gcc/aarch64-linux-android/4.9.x/../../../../aarch64-linux-android/lib] ==> [/data/user/0/ru.iiec.cxxdroid/files/aarch64-linux-android/lib]
  collapse library dir [/data/user/0/ru.iiec.cxxdroid/files/sysroot/lib] ==> [/data/user/0/ru.iiec.cxxdroid/files/sysroot/lib]
  collapse library dir [/data/user/0/ru.iiec.cxxdroid/files/sysroot/usr/lib] ==> [/data/user/0/ru.iiec.cxxdroid/files/sysroot/usr/lib]
  implicit libs: [m;dl;log;z;stdc++;m;gcc;dl;c;gcc;dl]
  implicit objs: [/data/user/0/ru.iiec.cxxdroid/files/sysroot/usr/lib/crtbegin_dynamic.o;/data/user/0/ru.iiec.cxxdroid/files/sysroot/usr/lib/crtend_android.o]
  implicit dirs: [/data/user/0/ru.iiec.cxxdroid/files/lib/gcc/aarch64-linux-android/4.9.x;/data/user/0/ru.iiec.cxxdroid/files/aarch64-linux-android/lib;/data/user/0/ru.iiec.cxxdroid/files/sysroot/lib;/data/user/0/ru.iiec.cxxdroid/files/sysroot/usr/lib]
  implicit fwks: []


Determining if the include file pthread.h exists passed with the following output:
Change Dir: /storage/emulated/0/repos/CMakeFiles/CMakeTmp

Run Build Command(s):/data/user/0/ru.iiec.cxxdroid/files/bin/make -f Makefile cmTC_a1630/fast && /data/user/0/ru.iiec.cxxdroid/files/bin/make  -f CMakeFiles/cmTC_a1630.dir/build.make CMakeFiles/cmTC_a1630.dir/build
make[1]: Entering directory '/storage/emulated/0/repos/CMakeFiles/CMakeTmp'
Building C object CMakeFiles/cmTC_a1630.dir/CheckIncludeFile.c.o
/data/user/0/ru.iiec.cxxdroid/files/bin/clang   -Wall -std=c99  -MD -MT CMakeFiles/cmTC_a1630.dir/CheckIncludeFile.c.o -MF CMakeFiles/cmTC_a1630.dir/CheckIncludeFile.c.o.d -o CMakeFiles/cmTC_a1630.dir/CheckIncludeFile.c.o -c /storage/emulated/0/repos/CMakeFiles/CMakeTmp/CheckIncludeFile.c
Linking C executable cmTC_a1630
/data/data/ru.iiec.cxxdroid/files/bin/cmake -E cmake_link_script CMakeFiles/cmTC_a1630.dir/link.txt --verbose=1
/data/user/0/ru.iiec.cxxdroid/files/bin/clang -Wall -std=c99  -lm -ldl -llog -lz  CMakeFiles/cmTC_a1630.dir/CheckIncludeFile.c.o -o cmTC_a1630 
make[1]: Leaving directory '/storage/emulated/0/repos/CMakeFiles/CMakeTmp'



